<?xml version="1.0" encoding="UTF-8"?>
<!-- Generated by org.testng.reporters.JUnitReportReporter -->
<testsuite hostname="GK" failures="0" tests="1" name="com.salesforce.testcases.LoginPage_TC_001" time="38.003" errors="0" timestamp="2025-10-07T12:57:00 IST" skipped="0">
  <testcase classname="com.salesforce.testcases.LoginPage_TC_001" name="login" time="38.003"/>
  <system-out/>
</testsuite> <!-- com.salesforce.testcases.LoginPage_TC_001 -->
